\BOOKMARK [1][-]{section*.1}{\376\377\000A\000b\000s\000t\000r\000a\000c\000t}{}% 1
\BOOKMARK [1][-]{section.1}{\376\377\0001\000\040\000I\000n\000t\000r\000o\000d\000u\000c\000t\000i\000o\000n}{}% 2
\BOOKMARK [1][-]{section.2}{\376\377\0002\000\040\000R\000e\000l\000a\000t\000e\000d\000\040\000W\000o\000r\000k\000s}{}% 3
\BOOKMARK [1][-]{section.3}{\376\377\0003\000\040\000B\000a\000c\000k\000g\000r\000o\000u\000n\000d}{}% 4
\BOOKMARK [2][-]{subsection.3.1}{\376\377\0003\000.\0001\000\040\000B\000a\000c\000k\000g\000r\000o\000u\000n\000d\000\040\000K\000n\000o\000w\000l\000e\000d\000g\000e\000\040\000o\000f\000\040\000E\000l\000e\000c\000t\000r\000o\000e\000n\000c\000e\000p\000h\000a\000l\000o\000g\000r\000a\000p\000h\000y}{section.3}% 5
\BOOKMARK [2][-]{subsection.3.2}{\376\377\0003\000.\0002\000\040\000M\000e\000d\000i\000c\000a\000l\000-\000U\000s\000e\000,\000\040\000R\000e\000s\000e\000a\000r\000c\000h\000-\000U\000s\000e\000\040\000a\000n\000d\000\040\000H\000o\000m\000e\000-\000U\000s\000e\000\040\000E\000E\000G}{section.3}% 6
\BOOKMARK [2][-]{subsection.3.3}{\376\377\0003\000.\0003\000\040\000T\000h\000r\000e\000a\000t\000\040\000M\000o\000d\000e\000l}{section.3}% 7
\BOOKMARK [1][-]{section.4}{\376\377\0004\000\040\000D\000e\000m\000y\000s\000t\000i\000f\000y\000i\000n\000g\000\040\000t\000h\000e\000\040\000E\000E\000G\000\040\000S\000y\000s\000t\000e\000m\000\040\000F\000r\000a\000m\000e\000w\000o\000r\000k}{}% 8
\BOOKMARK [2][-]{subsection.4.1}{\376\377\0004\000.\0001\000\040\000U\000s\000e\000r\000\040\000A\000p\000p\000l\000i\000c\000a\000t\000i\000o\000n\000\040\000S\000i\000d\000e}{section.4}% 9
\BOOKMARK [2][-]{subsection.4.2}{\376\377\0004\000.\0002\000\040\000H\000e\000a\000d\000s\000e\000t\000\040\000S\000i\000d\000e}{section.4}% 10
\BOOKMARK [1][-]{section.5}{\376\377\0005\000\040\000A\000n\000a\000l\000y\000s\000i\000s\000\040\000a\000n\000d\000\040\000I\000m\000p\000l\000e\000m\000e\000n\000t\000a\000t\000i\000o\000n\000\040\000o\000f\000\040\000A\000t\000t\000a\000c\000k\000\040\000V\000e\000c\000t\000o\000r\000s}{}% 11
\BOOKMARK [2][-]{subsection.5.1}{\376\377\0005\000.\0001\000\040\000R\000e\000m\000o\000t\000e\000\040\000A\000t\000t\000a\000c\000k\000s}{section.5}% 12
\BOOKMARK [2][-]{subsection.5.2}{\376\377\0005\000.\0002\000\040\000P\000r\000o\000x\000i\000m\000a\000t\000e\000\040\000A\000t\000t\000a\000c\000k}{section.5}% 13
\BOOKMARK [1][-]{section.6}{\376\377\0006\000\040\000U\000s\000e\000r\000\040\000A\000c\000t\000i\000v\000i\000t\000y\000\040\000I\000n\000f\000e\000r\000e\000n\000c\000e\000\040\000T\000h\000r\000o\000u\000g\000h\000\040\000E\000E\000G\000\040\000D\000a\000t\000a}{}% 14
\BOOKMARK [2][-]{subsection.6.1}{\376\377\0006\000.\0001\000\040\000O\000v\000e\000r\000v\000i\000e\000w}{section.6}% 15
\BOOKMARK [2][-]{subsection.6.2}{\376\377\0006\000.\0002\000\040\000R\000N\000N\000\040\000L\000e\000a\000r\000n\000i\000n\000g}{section.6}% 16
\BOOKMARK [2][-]{subsection.6.3}{\376\377\0006\000.\0003\000\040\000C\000N\000N\000\040\000L\000e\000a\000r\000n\000i\000n\000g}{section.6}% 17
\BOOKMARK [2][-]{subsection.6.4}{\376\377\0006\000.\0004\000\040\000C\000o\000n\000c\000a\000t\000e\000n\000a\000t\000i\000o\000n\000\040\000L\000a\000y\000e\000r\000s}{section.6}% 18
\BOOKMARK [1][-]{section.7}{\376\377\0007\000\040\000E\000v\000a\000l\000u\000a\000t\000i\000o\000n}{}% 19
\BOOKMARK [2][-]{subsection.7.1}{\376\377\0007\000.\0001\000\040\000I\000n\000f\000l\000u\000e\000n\000c\000e\000\040\000o\000f\000\040\000t\000h\000e\000\040\000A\000t\000t\000a\000c\000k\000s}{section.7}% 20
\BOOKMARK [2][-]{subsection.7.2}{\376\377\0007\000.\0002\000\040\000R\000o\000b\000u\000s\000t\000n\000e\000s\000s\000\040\000o\000f\000\040\000t\000h\000e\000\040\000A\000t\000t\000a\000c\000k\000s}{section.7}% 21
\BOOKMARK [2][-]{subsection.7.3}{\376\377\0007\000.\0003\000\040\000E\000f\000f\000e\000c\000t\000i\000v\000e\000n\000e\000s\000s\000\040\000o\000f\000\040\000t\000h\000e\000\040\000I\000n\000f\000e\000r\000e\000n\000c\000e\000\040\000A\000t\000t\000a\000c\000k}{section.7}% 22
\BOOKMARK [1][-]{section.8}{\376\377\0008\000\040\000D\000e\000f\000e\000n\000s\000e\000\040\000S\000o\000l\000u\000t\000i\000o\000n\000s}{}% 23
\BOOKMARK [2][-]{subsection.8.1}{\376\377\0008\000.\0001\000\040\000S\000o\000l\000u\000t\000i\000o\000n\000s\000\040\000t\000o\000\040\000M\000i\000t\000i\000g\000a\000t\000e\000\040\000R\000e\000m\000o\000t\000e\000\040\000A\000t\000t\000a\000c\000k\000s}{section.8}% 24
\BOOKMARK [2][-]{subsection.8.2}{\376\377\0008\000.\0002\000\040\000S\000o\000l\000u\000t\000i\000o\000n\000\040\000t\000o\000\040\000M\000i\000t\000i\000g\000a\000t\000e\000\040\000P\000r\000o\000x\000i\000m\000a\000t\000e\000\040\000A\000t\000t\000a\000c\000k}{section.8}% 25
\BOOKMARK [1][-]{section.9}{\376\377\0009\000\040\000C\000o\000n\000c\000l\000u\000s\000i\000o\000n}{}% 26
\BOOKMARK [1][-]{section*.16}{\376\377\000A\000c\000k\000n\000o\000w\000l\000e\000d\000g\000m\000e\000n\000t\000s}{}% 27
\BOOKMARK [1][-]{section*.18}{\376\377\000R\000e\000f\000e\000r\000e\000n\000c\000e\000s}{}% 28
